CRITICAL - 2022-01-23 23:30:21 --> Invalid file: Templates/header.php
#0 C:\xampp\htdocs\c4\system\View\View.php(198): CodeIgniter\Exceptions\FrameworkException::forInvalidFile('Templates/heade...')
#1 C:\xampp\htdocs\c4\system\Common.php(1089): CodeIgniter\View\View->render('Templates/heade...', Array, true)
#2 C:\xampp\htdocs\c4\app\Controllers\Pages.php(14): view('Templates/heade...')
#3 C:\xampp\htdocs\c4\system\CodeIgniter.php(825): App\Controllers\Pages->showme('contact')
#4 C:\xampp\htdocs\c4\system\CodeIgniter.php(412): CodeIgniter\CodeIgniter->runController(Object(App\Controllers\Pages))
#5 C:\xampp\htdocs\c4\system\CodeIgniter.php(320): CodeIgniter\CodeIgniter->handleRequest(NULL, Object(Config\Cache), false)
#6 C:\xampp\htdocs\c4\index.php(37): CodeIgniter\CodeIgniter->run()
#7 {main}
CRITICAL - 2022-01-23 23:30:24 --> Invalid file: Templates/header.php
#0 C:\xampp\htdocs\c4\system\View\View.php(198): CodeIgniter\Exceptions\FrameworkException::forInvalidFile('Templates/heade...')
#1 C:\xampp\htdocs\c4\system\Common.php(1089): CodeIgniter\View\View->render('Templates/heade...', Array, true)
#2 C:\xampp\htdocs\c4\app\Controllers\Pages.php(14): view('Templates/heade...')
#3 C:\xampp\htdocs\c4\system\CodeIgniter.php(825): App\Controllers\Pages->showme('about')
#4 C:\xampp\htdocs\c4\system\CodeIgniter.php(412): CodeIgniter\CodeIgniter->runController(Object(App\Controllers\Pages))
#5 C:\xampp\htdocs\c4\system\CodeIgniter.php(320): CodeIgniter\CodeIgniter->handleRequest(NULL, Object(Config\Cache), false)
#6 C:\xampp\htdocs\c4\index.php(37): CodeIgniter\CodeIgniter->run()
#7 {main}
CRITICAL - 2022-01-23 23:30:26 --> Invalid file: Templates/header.php
#0 C:\xampp\htdocs\c4\system\View\View.php(198): CodeIgniter\Exceptions\FrameworkException::forInvalidFile('Templates/heade...')
#1 C:\xampp\htdocs\c4\system\Common.php(1089): CodeIgniter\View\View->render('Templates/heade...', Array, true)
#2 C:\xampp\htdocs\c4\app\Controllers\Pages.php(14): view('Templates/heade...')
#3 C:\xampp\htdocs\c4\system\CodeIgniter.php(825): App\Controllers\Pages->showme()
#4 C:\xampp\htdocs\c4\system\CodeIgniter.php(412): CodeIgniter\CodeIgniter->runController(Object(App\Controllers\Pages))
#5 C:\xampp\htdocs\c4\system\CodeIgniter.php(320): CodeIgniter\CodeIgniter->handleRequest(NULL, Object(Config\Cache), false)
#6 C:\xampp\htdocs\c4\index.php(37): CodeIgniter\CodeIgniter->run()
#7 {main}
