CRITICAL - 2022-01-24 00:06:19 --> Invalid file: Pages/Pages.php
#0 C:\xampp\htdocs\c4\system\View\View.php(198): CodeIgniter\Exceptions\FrameworkException::forInvalidFile('Pages/Pages.php')
#1 C:\xampp\htdocs\c4\system\Common.php(1089): CodeIgniter\View\View->render('Pages/Pages', Array, true)
#2 C:\xampp\htdocs\c4\app\Controllers\Pages.php(15): view('Pages/Pages')
#3 C:\xampp\htdocs\c4\system\CodeIgniter.php(825): App\Controllers\Pages->showme('Pages', 'showme', 'home.php')
#4 C:\xampp\htdocs\c4\system\CodeIgniter.php(412): CodeIgniter\CodeIgniter->runController(Object(App\Controllers\Pages))
#5 C:\xampp\htdocs\c4\system\CodeIgniter.php(320): CodeIgniter\CodeIgniter->handleRequest(NULL, Object(Config\Cache), false)
#6 C:\xampp\htdocs\c4\index.php(37): CodeIgniter\CodeIgniter->run()
#7 {main}
CRITICAL - 2022-01-24 00:06:25 --> Invalid file: Pages/Pages.php
#0 C:\xampp\htdocs\c4\system\View\View.php(198): CodeIgniter\Exceptions\FrameworkException::forInvalidFile('Pages/Pages.php')
#1 C:\xampp\htdocs\c4\system\Common.php(1089): CodeIgniter\View\View->render('Pages/Pages', Array, true)
#2 C:\xampp\htdocs\c4\app\Controllers\Pages.php(15): view('Pages/Pages')
#3 C:\xampp\htdocs\c4\system\CodeIgniter.php(825): App\Controllers\Pages->showme('Pages', 'home.php')
#4 C:\xampp\htdocs\c4\system\CodeIgniter.php(412): CodeIgniter\CodeIgniter->runController(Object(App\Controllers\Pages))
#5 C:\xampp\htdocs\c4\system\CodeIgniter.php(320): CodeIgniter\CodeIgniter->handleRequest(NULL, Object(Config\Cache), false)
#6 C:\xampp\htdocs\c4\index.php(37): CodeIgniter\CodeIgniter->run()
#7 {main}
CRITICAL - 2022-01-24 00:06:31 --> Invalid file: Pages/Pages.php
#0 C:\xampp\htdocs\c4\system\View\View.php(198): CodeIgniter\Exceptions\FrameworkException::forInvalidFile('Pages/Pages.php')
#1 C:\xampp\htdocs\c4\system\Common.php(1089): CodeIgniter\View\View->render('Pages/Pages', Array, true)
#2 C:\xampp\htdocs\c4\app\Controllers\Pages.php(15): view('Pages/Pages')
#3 C:\xampp\htdocs\c4\system\CodeIgniter.php(825): App\Controllers\Pages->showme('Pages', 'home.php')
#4 C:\xampp\htdocs\c4\system\CodeIgniter.php(412): CodeIgniter\CodeIgniter->runController(Object(App\Controllers\Pages))
#5 C:\xampp\htdocs\c4\system\CodeIgniter.php(320): CodeIgniter\CodeIgniter->handleRequest(NULL, Object(Config\Cache), false)
#6 C:\xampp\htdocs\c4\index.php(37): CodeIgniter\CodeIgniter->run()
#7 {main}
CRITICAL - 2022-01-24 00:06:33 --> Invalid file: Pages/Pages.php
#0 C:\xampp\htdocs\c4\system\View\View.php(198): CodeIgniter\Exceptions\FrameworkException::forInvalidFile('Pages/Pages.php')
#1 C:\xampp\htdocs\c4\system\Common.php(1089): CodeIgniter\View\View->render('Pages/Pages', Array, true)
#2 C:\xampp\htdocs\c4\app\Controllers\Pages.php(15): view('Pages/Pages')
#3 C:\xampp\htdocs\c4\system\CodeIgniter.php(825): App\Controllers\Pages->showme('Pages', 'feature.php')
#4 C:\xampp\htdocs\c4\system\CodeIgniter.php(412): CodeIgniter\CodeIgniter->runController(Object(App\Controllers\Pages))
#5 C:\xampp\htdocs\c4\system\CodeIgniter.php(320): CodeIgniter\CodeIgniter->handleRequest(NULL, Object(Config\Cache), false)
#6 C:\xampp\htdocs\c4\index.php(37): CodeIgniter\CodeIgniter->run()
#7 {main}
CRITICAL - 2022-01-24 00:06:34 --> Invalid file: Pages/Pages.php
#0 C:\xampp\htdocs\c4\system\View\View.php(198): CodeIgniter\Exceptions\FrameworkException::forInvalidFile('Pages/Pages.php')
#1 C:\xampp\htdocs\c4\system\Common.php(1089): CodeIgniter\View\View->render('Pages/Pages', Array, true)
#2 C:\xampp\htdocs\c4\app\Controllers\Pages.php(15): view('Pages/Pages')
#3 C:\xampp\htdocs\c4\system\CodeIgniter.php(825): App\Controllers\Pages->showme('Pages', 'contact.php')
#4 C:\xampp\htdocs\c4\system\CodeIgniter.php(412): CodeIgniter\CodeIgniter->runController(Object(App\Controllers\Pages))
#5 C:\xampp\htdocs\c4\system\CodeIgniter.php(320): CodeIgniter\CodeIgniter->handleRequest(NULL, Object(Config\Cache), false)
#6 C:\xampp\htdocs\c4\index.php(37): CodeIgniter\CodeIgniter->run()
#7 {main}
CRITICAL - 2022-01-24 00:06:34 --> Invalid file: Pages/Pages.php
#0 C:\xampp\htdocs\c4\system\View\View.php(198): CodeIgniter\Exceptions\FrameworkException::forInvalidFile('Pages/Pages.php')
#1 C:\xampp\htdocs\c4\system\Common.php(1089): CodeIgniter\View\View->render('Pages/Pages', Array, true)
#2 C:\xampp\htdocs\c4\app\Controllers\Pages.php(15): view('Pages/Pages')
#3 C:\xampp\htdocs\c4\system\CodeIgniter.php(825): App\Controllers\Pages->showme('Pages', 'aboutus.php')
#4 C:\xampp\htdocs\c4\system\CodeIgniter.php(412): CodeIgniter\CodeIgniter->runController(Object(App\Controllers\Pages))
#5 C:\xampp\htdocs\c4\system\CodeIgniter.php(320): CodeIgniter\CodeIgniter->handleRequest(NULL, Object(Config\Cache), false)
#6 C:\xampp\htdocs\c4\index.php(37): CodeIgniter\CodeIgniter->run()
#7 {main}
CRITICAL - 2022-01-24 00:06:38 --> Invalid file: Pages/Pages.php
#0 C:\xampp\htdocs\c4\system\View\View.php(198): CodeIgniter\Exceptions\FrameworkException::forInvalidFile('Pages/Pages.php')
#1 C:\xampp\htdocs\c4\system\Common.php(1089): CodeIgniter\View\View->render('Pages/Pages', Array, true)
#2 C:\xampp\htdocs\c4\app\Controllers\Pages.php(15): view('Pages/Pages')
#3 C:\xampp\htdocs\c4\system\CodeIgniter.php(825): App\Controllers\Pages->showme('Pages', 'showme', 'feature.php')
#4 C:\xampp\htdocs\c4\system\CodeIgniter.php(412): CodeIgniter\CodeIgniter->runController(Object(App\Controllers\Pages))
#5 C:\xampp\htdocs\c4\system\CodeIgniter.php(320): CodeIgniter\CodeIgniter->handleRequest(NULL, Object(Config\Cache), false)
#6 C:\xampp\htdocs\c4\index.php(37): CodeIgniter\CodeIgniter->run()
#7 {main}
CRITICAL - 2022-01-24 00:06:40 --> Invalid file: Pages/Pages.php
#0 C:\xampp\htdocs\c4\system\View\View.php(198): CodeIgniter\Exceptions\FrameworkException::forInvalidFile('Pages/Pages.php')
#1 C:\xampp\htdocs\c4\system\Common.php(1089): CodeIgniter\View\View->render('Pages/Pages', Array, true)
#2 C:\xampp\htdocs\c4\app\Controllers\Pages.php(15): view('Pages/Pages')
#3 C:\xampp\htdocs\c4\system\CodeIgniter.php(825): App\Controllers\Pages->showme('Pages', 'showme', 'feature.php')
#4 C:\xampp\htdocs\c4\system\CodeIgniter.php(412): CodeIgniter\CodeIgniter->runController(Object(App\Controllers\Pages))
#5 C:\xampp\htdocs\c4\system\CodeIgniter.php(320): CodeIgniter\CodeIgniter->handleRequest(NULL, Object(Config\Cache), false)
#6 C:\xampp\htdocs\c4\index.php(37): CodeIgniter\CodeIgniter->run()
#7 {main}
CRITICAL - 2022-01-24 00:06:41 --> Invalid file: Pages/Pages.php
#0 C:\xampp\htdocs\c4\system\View\View.php(198): CodeIgniter\Exceptions\FrameworkException::forInvalidFile('Pages/Pages.php')
#1 C:\xampp\htdocs\c4\system\Common.php(1089): CodeIgniter\View\View->render('Pages/Pages', Array, true)
#2 C:\xampp\htdocs\c4\app\Controllers\Pages.php(15): view('Pages/Pages')
#3 C:\xampp\htdocs\c4\system\CodeIgniter.php(825): App\Controllers\Pages->showme('Pages', 'showme', 'contact.php')
#4 C:\xampp\htdocs\c4\system\CodeIgniter.php(412): CodeIgniter\CodeIgniter->runController(Object(App\Controllers\Pages))
#5 C:\xampp\htdocs\c4\system\CodeIgniter.php(320): CodeIgniter\CodeIgniter->handleRequest(NULL, Object(Config\Cache), false)
#6 C:\xampp\htdocs\c4\index.php(37): CodeIgniter\CodeIgniter->run()
#7 {main}
CRITICAL - 2022-01-24 00:06:41 --> Invalid file: Pages/Pages.php
#0 C:\xampp\htdocs\c4\system\View\View.php(198): CodeIgniter\Exceptions\FrameworkException::forInvalidFile('Pages/Pages.php')
#1 C:\xampp\htdocs\c4\system\Common.php(1089): CodeIgniter\View\View->render('Pages/Pages', Array, true)
#2 C:\xampp\htdocs\c4\app\Controllers\Pages.php(15): view('Pages/Pages')
#3 C:\xampp\htdocs\c4\system\CodeIgniter.php(825): App\Controllers\Pages->showme('Pages', 'showme', 'aboutus.php')
#4 C:\xampp\htdocs\c4\system\CodeIgniter.php(412): CodeIgniter\CodeIgniter->runController(Object(App\Controllers\Pages))
#5 C:\xampp\htdocs\c4\system\CodeIgniter.php(320): CodeIgniter\CodeIgniter->handleRequest(NULL, Object(Config\Cache), false)
#6 C:\xampp\htdocs\c4\index.php(37): CodeIgniter\CodeIgniter->run()
#7 {main}
CRITICAL - 2022-01-24 00:06:59 --> Invalid file: Pages/Pages.php
#0 C:\xampp\htdocs\c4\system\View\View.php(198): CodeIgniter\Exceptions\FrameworkException::forInvalidFile('Pages/Pages.php')
#1 C:\xampp\htdocs\c4\system\Common.php(1089): CodeIgniter\View\View->render('Pages/Pages', Array, true)
#2 C:\xampp\htdocs\c4\app\Controllers\Pages.php(15): view('Pages/Pages')
#3 C:\xampp\htdocs\c4\system\CodeIgniter.php(825): App\Controllers\Pages->showme('Pages')
#4 C:\xampp\htdocs\c4\system\CodeIgniter.php(412): CodeIgniter\CodeIgniter->runController(Object(App\Controllers\Pages))
#5 C:\xampp\htdocs\c4\system\CodeIgniter.php(320): CodeIgniter\CodeIgniter->handleRequest(NULL, Object(Config\Cache), false)
#6 C:\xampp\htdocs\c4\index.php(37): CodeIgniter\CodeIgniter->run()
#7 {main}
CRITICAL - 2022-01-24 00:13:53 --> Invalid file: Pages/aboutus.php.php
#0 C:\xampp\htdocs\c4\system\View\View.php(198): CodeIgniter\Exceptions\FrameworkException::forInvalidFile('Pages/aboutus.p...')
#1 C:\xampp\htdocs\c4\system\Common.php(1089): CodeIgniter\View\View->render('Pages/aboutus.p...', Array, true)
#2 C:\xampp\htdocs\c4\app\Controllers\Pages.php(18): view('Pages/aboutus.p...')
#3 C:\xampp\htdocs\c4\system\CodeIgniter.php(825): App\Controllers\Pages->showme('aboutus.php')
#4 C:\xampp\htdocs\c4\system\CodeIgniter.php(412): CodeIgniter\CodeIgniter->runController(Object(App\Controllers\Pages))
#5 C:\xampp\htdocs\c4\system\CodeIgniter.php(320): CodeIgniter\CodeIgniter->handleRequest(NULL, Object(Config\Cache), false)
#6 C:\xampp\htdocs\c4\index.php(37): CodeIgniter\CodeIgniter->run()
#7 {main}
CRITICAL - 2022-01-24 00:13:54 --> Invalid file: Pages/aboutus.php.php
#0 C:\xampp\htdocs\c4\system\View\View.php(198): CodeIgniter\Exceptions\FrameworkException::forInvalidFile('Pages/aboutus.p...')
#1 C:\xampp\htdocs\c4\system\Common.php(1089): CodeIgniter\View\View->render('Pages/aboutus.p...', Array, true)
#2 C:\xampp\htdocs\c4\app\Controllers\Pages.php(18): view('Pages/aboutus.p...')
#3 C:\xampp\htdocs\c4\system\CodeIgniter.php(825): App\Controllers\Pages->showme('aboutus.php')
#4 C:\xampp\htdocs\c4\system\CodeIgniter.php(412): CodeIgniter\CodeIgniter->runController(Object(App\Controllers\Pages))
#5 C:\xampp\htdocs\c4\system\CodeIgniter.php(320): CodeIgniter\CodeIgniter->handleRequest(NULL, Object(Config\Cache), false)
#6 C:\xampp\htdocs\c4\index.php(37): CodeIgniter\CodeIgniter->run()
#7 {main}
CRITICAL - 2022-01-24 00:13:56 --> Invalid file: Pages/home.php.php
#0 C:\xampp\htdocs\c4\system\View\View.php(198): CodeIgniter\Exceptions\FrameworkException::forInvalidFile('Pages/home.php....')
#1 C:\xampp\htdocs\c4\system\Common.php(1089): CodeIgniter\View\View->render('Pages/home.php....', Array, true)
#2 C:\xampp\htdocs\c4\app\Controllers\Pages.php(18): view('Pages/home.php....')
#3 C:\xampp\htdocs\c4\system\CodeIgniter.php(825): App\Controllers\Pages->showme('home.php')
#4 C:\xampp\htdocs\c4\system\CodeIgniter.php(412): CodeIgniter\CodeIgniter->runController(Object(App\Controllers\Pages))
#5 C:\xampp\htdocs\c4\system\CodeIgniter.php(320): CodeIgniter\CodeIgniter->handleRequest(NULL, Object(Config\Cache), false)
#6 C:\xampp\htdocs\c4\index.php(37): CodeIgniter\CodeIgniter->run()
#7 {main}
CRITICAL - 2022-01-24 00:13:56 --> Invalid file: Pages/feature.php.php
#0 C:\xampp\htdocs\c4\system\View\View.php(198): CodeIgniter\Exceptions\FrameworkException::forInvalidFile('Pages/feature.p...')
#1 C:\xampp\htdocs\c4\system\Common.php(1089): CodeIgniter\View\View->render('Pages/feature.p...', Array, true)
#2 C:\xampp\htdocs\c4\app\Controllers\Pages.php(18): view('Pages/feature.p...')
#3 C:\xampp\htdocs\c4\system\CodeIgniter.php(825): App\Controllers\Pages->showme('feature.php')
#4 C:\xampp\htdocs\c4\system\CodeIgniter.php(412): CodeIgniter\CodeIgniter->runController(Object(App\Controllers\Pages))
#5 C:\xampp\htdocs\c4\system\CodeIgniter.php(320): CodeIgniter\CodeIgniter->handleRequest(NULL, Object(Config\Cache), false)
#6 C:\xampp\htdocs\c4\index.php(37): CodeIgniter\CodeIgniter->run()
#7 {main}
CRITICAL - 2022-01-24 00:13:58 --> Invalid file: Pages/contact.php.php
#0 C:\xampp\htdocs\c4\system\View\View.php(198): CodeIgniter\Exceptions\FrameworkException::forInvalidFile('Pages/contact.p...')
#1 C:\xampp\htdocs\c4\system\Common.php(1089): CodeIgniter\View\View->render('Pages/contact.p...', Array, true)
#2 C:\xampp\htdocs\c4\app\Controllers\Pages.php(18): view('Pages/contact.p...')
#3 C:\xampp\htdocs\c4\system\CodeIgniter.php(825): App\Controllers\Pages->showme('contact.php')
#4 C:\xampp\htdocs\c4\system\CodeIgniter.php(412): CodeIgniter\CodeIgniter->runController(Object(App\Controllers\Pages))
#5 C:\xampp\htdocs\c4\system\CodeIgniter.php(320): CodeIgniter\CodeIgniter->handleRequest(NULL, Object(Config\Cache), false)
#6 C:\xampp\htdocs\c4\index.php(37): CodeIgniter\CodeIgniter->run()
#7 {main}
CRITICAL - 2022-01-24 00:13:59 --> Invalid file: Pages/aboutus.php.php
#0 C:\xampp\htdocs\c4\system\View\View.php(198): CodeIgniter\Exceptions\FrameworkException::forInvalidFile('Pages/aboutus.p...')
#1 C:\xampp\htdocs\c4\system\Common.php(1089): CodeIgniter\View\View->render('Pages/aboutus.p...', Array, true)
#2 C:\xampp\htdocs\c4\app\Controllers\Pages.php(18): view('Pages/aboutus.p...')
#3 C:\xampp\htdocs\c4\system\CodeIgniter.php(825): App\Controllers\Pages->showme('aboutus.php')
#4 C:\xampp\htdocs\c4\system\CodeIgniter.php(412): CodeIgniter\CodeIgniter->runController(Object(App\Controllers\Pages))
#5 C:\xampp\htdocs\c4\system\CodeIgniter.php(320): CodeIgniter\CodeIgniter->handleRequest(NULL, Object(Config\Cache), false)
#6 C:\xampp\htdocs\c4\index.php(37): CodeIgniter\CodeIgniter->run()
#7 {main}
CRITICAL - 2022-01-24 00:14:14 --> Invalid file: Pages/aboutus.php.php
#0 C:\xampp\htdocs\c4\system\View\View.php(198): CodeIgniter\Exceptions\FrameworkException::forInvalidFile('Pages/aboutus.p...')
#1 C:\xampp\htdocs\c4\system\Common.php(1089): CodeIgniter\View\View->render('Pages/aboutus.p...', Array, true)
#2 C:\xampp\htdocs\c4\app\Controllers\Pages.php(18): view('Pages/aboutus.p...')
#3 C:\xampp\htdocs\c4\system\CodeIgniter.php(825): App\Controllers\Pages->showme('aboutus.php')
#4 C:\xampp\htdocs\c4\system\CodeIgniter.php(412): CodeIgniter\CodeIgniter->runController(Object(App\Controllers\Pages))
#5 C:\xampp\htdocs\c4\system\CodeIgniter.php(320): CodeIgniter\CodeIgniter->handleRequest(NULL, Object(Config\Cache), false)
#6 C:\xampp\htdocs\c4\index.php(37): CodeIgniter\CodeIgniter->run()
#7 {main}
CRITICAL - 2022-01-24 00:14:15 --> Invalid file: Pages/aboutus.php.php
#0 C:\xampp\htdocs\c4\system\View\View.php(198): CodeIgniter\Exceptions\FrameworkException::forInvalidFile('Pages/aboutus.p...')
#1 C:\xampp\htdocs\c4\system\Common.php(1089): CodeIgniter\View\View->render('Pages/aboutus.p...', Array, true)
#2 C:\xampp\htdocs\c4\app\Controllers\Pages.php(18): view('Pages/aboutus.p...')
#3 C:\xampp\htdocs\c4\system\CodeIgniter.php(825): App\Controllers\Pages->showme('aboutus.php')
#4 C:\xampp\htdocs\c4\system\CodeIgniter.php(412): CodeIgniter\CodeIgniter->runController(Object(App\Controllers\Pages))
#5 C:\xampp\htdocs\c4\system\CodeIgniter.php(320): CodeIgniter\CodeIgniter->handleRequest(NULL, Object(Config\Cache), false)
#6 C:\xampp\htdocs\c4\index.php(37): CodeIgniter\CodeIgniter->run()
#7 {main}
CRITICAL - 2022-01-24 00:14:15 --> Invalid file: Pages/aboutus.php.php
#0 C:\xampp\htdocs\c4\system\View\View.php(198): CodeIgniter\Exceptions\FrameworkException::forInvalidFile('Pages/aboutus.p...')
#1 C:\xampp\htdocs\c4\system\Common.php(1089): CodeIgniter\View\View->render('Pages/aboutus.p...', Array, true)
#2 C:\xampp\htdocs\c4\app\Controllers\Pages.php(18): view('Pages/aboutus.p...')
#3 C:\xampp\htdocs\c4\system\CodeIgniter.php(825): App\Controllers\Pages->showme('aboutus.php')
#4 C:\xampp\htdocs\c4\system\CodeIgniter.php(412): CodeIgniter\CodeIgniter->runController(Object(App\Controllers\Pages))
#5 C:\xampp\htdocs\c4\system\CodeIgniter.php(320): CodeIgniter\CodeIgniter->handleRequest(NULL, Object(Config\Cache), false)
#6 C:\xampp\htdocs\c4\index.php(37): CodeIgniter\CodeIgniter->run()
#7 {main}
CRITICAL - 2022-01-24 00:14:15 --> Invalid file: Pages/aboutus.php.php
#0 C:\xampp\htdocs\c4\system\View\View.php(198): CodeIgniter\Exceptions\FrameworkException::forInvalidFile('Pages/aboutus.p...')
#1 C:\xampp\htdocs\c4\system\Common.php(1089): CodeIgniter\View\View->render('Pages/aboutus.p...', Array, true)
#2 C:\xampp\htdocs\c4\app\Controllers\Pages.php(18): view('Pages/aboutus.p...')
#3 C:\xampp\htdocs\c4\system\CodeIgniter.php(825): App\Controllers\Pages->showme('aboutus.php')
#4 C:\xampp\htdocs\c4\system\CodeIgniter.php(412): CodeIgniter\CodeIgniter->runController(Object(App\Controllers\Pages))
#5 C:\xampp\htdocs\c4\system\CodeIgniter.php(320): CodeIgniter\CodeIgniter->handleRequest(NULL, Object(Config\Cache), false)
#6 C:\xampp\htdocs\c4\index.php(37): CodeIgniter\CodeIgniter->run()
#7 {main}
CRITICAL - 2022-01-24 00:14:16 --> Invalid file: Pages/aboutus.php.php
#0 C:\xampp\htdocs\c4\system\View\View.php(198): CodeIgniter\Exceptions\FrameworkException::forInvalidFile('Pages/aboutus.p...')
#1 C:\xampp\htdocs\c4\system\Common.php(1089): CodeIgniter\View\View->render('Pages/aboutus.p...', Array, true)
#2 C:\xampp\htdocs\c4\app\Controllers\Pages.php(18): view('Pages/aboutus.p...')
#3 C:\xampp\htdocs\c4\system\CodeIgniter.php(825): App\Controllers\Pages->showme('aboutus.php')
#4 C:\xampp\htdocs\c4\system\CodeIgniter.php(412): CodeIgniter\CodeIgniter->runController(Object(App\Controllers\Pages))
#5 C:\xampp\htdocs\c4\system\CodeIgniter.php(320): CodeIgniter\CodeIgniter->handleRequest(NULL, Object(Config\Cache), false)
#6 C:\xampp\htdocs\c4\index.php(37): CodeIgniter\CodeIgniter->run()
#7 {main}
CRITICAL - 2022-01-24 00:14:16 --> Invalid file: Pages/aboutus.php.php
#0 C:\xampp\htdocs\c4\system\View\View.php(198): CodeIgniter\Exceptions\FrameworkException::forInvalidFile('Pages/aboutus.p...')
#1 C:\xampp\htdocs\c4\system\Common.php(1089): CodeIgniter\View\View->render('Pages/aboutus.p...', Array, true)
#2 C:\xampp\htdocs\c4\app\Controllers\Pages.php(18): view('Pages/aboutus.p...')
#3 C:\xampp\htdocs\c4\system\CodeIgniter.php(825): App\Controllers\Pages->showme('aboutus.php')
#4 C:\xampp\htdocs\c4\system\CodeIgniter.php(412): CodeIgniter\CodeIgniter->runController(Object(App\Controllers\Pages))
#5 C:\xampp\htdocs\c4\system\CodeIgniter.php(320): CodeIgniter\CodeIgniter->handleRequest(NULL, Object(Config\Cache), false)
#6 C:\xampp\htdocs\c4\index.php(37): CodeIgniter\CodeIgniter->run()
#7 {main}
CRITICAL - 2022-01-24 00:14:16 --> Invalid file: Pages/aboutus.php.php
#0 C:\xampp\htdocs\c4\system\View\View.php(198): CodeIgniter\Exceptions\FrameworkException::forInvalidFile('Pages/aboutus.p...')
#1 C:\xampp\htdocs\c4\system\Common.php(1089): CodeIgniter\View\View->render('Pages/aboutus.p...', Array, true)
#2 C:\xampp\htdocs\c4\app\Controllers\Pages.php(18): view('Pages/aboutus.p...')
#3 C:\xampp\htdocs\c4\system\CodeIgniter.php(825): App\Controllers\Pages->showme('aboutus.php')
#4 C:\xampp\htdocs\c4\system\CodeIgniter.php(412): CodeIgniter\CodeIgniter->runController(Object(App\Controllers\Pages))
#5 C:\xampp\htdocs\c4\system\CodeIgniter.php(320): CodeIgniter\CodeIgniter->handleRequest(NULL, Object(Config\Cache), false)
#6 C:\xampp\htdocs\c4\index.php(37): CodeIgniter\CodeIgniter->run()
#7 {main}
