CRITICAL - 2022-02-15 02:31:47 --> Invalid file: Pages/list.php
#0 C:\xampp\htdocs\c4\system\View\View.php(198): CodeIgniter\Exceptions\FrameworkException::forInvalidFile('Pages/list.php')
#1 C:\xampp\htdocs\c4\system\Common.php(1089): CodeIgniter\View\View->render('Pages/list', Array, true)
#2 C:\xampp\htdocs\c4\app\Controllers\Pages.php(50): view('Pages/list', Array)
#3 C:\xampp\htdocs\c4\system\CodeIgniter.php(825): App\Controllers\Pages->login()
#4 C:\xampp\htdocs\c4\system\CodeIgniter.php(412): CodeIgniter\CodeIgniter->runController(Object(App\Controllers\Pages))
#5 C:\xampp\htdocs\c4\system\CodeIgniter.php(320): CodeIgniter\CodeIgniter->handleRequest(NULL, Object(Config\Cache), false)
#6 C:\xampp\htdocs\c4\index.php(37): CodeIgniter\CodeIgniter->run()
#7 {main}
CRITICAL - 2022-02-15 04:11:30 --> Trying to access array offset on value of type null
#0 C:\xampp\htdocs\c4\app\Views\list.php(32): CodeIgniter\Debug\Exceptions->errorHandler(2, 'Trying to acces...', 'C:\\xampp\\htdocs...', 32)
#1 C:\xampp\htdocs\c4\system\View\View.php(210): include('C:\\xampp\\htdocs...')
#2 C:\xampp\htdocs\c4\system\View\View.php(213): CodeIgniter\View\View->CodeIgniter\View\{closure}()
#3 C:\xampp\htdocs\c4\system\Common.php(1089): CodeIgniter\View\View->render('list', Array, true)
#4 C:\xampp\htdocs\c4\app\Controllers\Pages.php(50): view('list', Array)
#5 C:\xampp\htdocs\c4\system\CodeIgniter.php(825): App\Controllers\Pages->login()
#6 C:\xampp\htdocs\c4\system\CodeIgniter.php(412): CodeIgniter\CodeIgniter->runController(Object(App\Controllers\Pages))
#7 C:\xampp\htdocs\c4\system\CodeIgniter.php(320): CodeIgniter\CodeIgniter->handleRequest(NULL, Object(Config\Cache), false)
#8 C:\xampp\htdocs\c4\index.php(37): CodeIgniter\CodeIgniter->run()
#9 {main}
