CRITICAL - 2022-02-11 02:04:24 --> Undefined variable $newName
#0 C:\xampp\htdocs\c4\app\Views\list.php(33): CodeIgniter\Debug\Exceptions->errorHandler(2, 'Undefined varia...', 'C:\\xampp\\htdocs...', 33)
#1 C:\xampp\htdocs\c4\system\View\View.php(210): include('C:\\xampp\\htdocs...')
#2 C:\xampp\htdocs\c4\system\View\View.php(213): CodeIgniter\View\View->CodeIgniter\View\{closure}()
#3 C:\xampp\htdocs\c4\system\Common.php(1089): CodeIgniter\View\View->render('list', Array, true)
#4 C:\xampp\htdocs\c4\app\Controllers\Pages.php(99): view('list', Array)
#5 C:\xampp\htdocs\c4\system\CodeIgniter.php(825): App\Controllers\Pages->data()
#6 C:\xampp\htdocs\c4\system\CodeIgniter.php(412): CodeIgniter\CodeIgniter->runController(Object(App\Controllers\Pages))
#7 C:\xampp\htdocs\c4\system\CodeIgniter.php(320): CodeIgniter\CodeIgniter->handleRequest(NULL, Object(Config\Cache), false)
#8 C:\xampp\htdocs\c4\index.php(37): CodeIgniter\CodeIgniter->run()
#9 {main}
CRITICAL - 2022-02-11 02:04:24 --> Undefined variable $newName
#0 C:\xampp\htdocs\c4\app\Views\list.php(33): CodeIgniter\Debug\Exceptions->errorHandler(2, 'Undefined varia...', 'C:\\xampp\\htdocs...', 33)
#1 C:\xampp\htdocs\c4\system\View\View.php(210): include('C:\\xampp\\htdocs...')
#2 C:\xampp\htdocs\c4\system\View\View.php(213): CodeIgniter\View\View->CodeIgniter\View\{closure}()
#3 C:\xampp\htdocs\c4\system\Common.php(1089): CodeIgniter\View\View->render('list', Array, true)
#4 C:\xampp\htdocs\c4\app\Controllers\Pages.php(99): view('list', Array)
#5 C:\xampp\htdocs\c4\system\CodeIgniter.php(825): App\Controllers\Pages->data()
#6 C:\xampp\htdocs\c4\system\CodeIgniter.php(412): CodeIgniter\CodeIgniter->runController(Object(App\Controllers\Pages))
#7 C:\xampp\htdocs\c4\system\CodeIgniter.php(320): CodeIgniter\CodeIgniter->handleRequest(NULL, Object(Config\Cache), false)
#8 C:\xampp\htdocs\c4\index.php(37): CodeIgniter\CodeIgniter->run()
#9 {main}
CRITICAL - 2022-02-11 02:04:25 --> Undefined variable $newName
#0 C:\xampp\htdocs\c4\app\Views\list.php(33): CodeIgniter\Debug\Exceptions->errorHandler(2, 'Undefined varia...', 'C:\\xampp\\htdocs...', 33)
#1 C:\xampp\htdocs\c4\system\View\View.php(210): include('C:\\xampp\\htdocs...')
#2 C:\xampp\htdocs\c4\system\View\View.php(213): CodeIgniter\View\View->CodeIgniter\View\{closure}()
#3 C:\xampp\htdocs\c4\system\Common.php(1089): CodeIgniter\View\View->render('list', Array, true)
#4 C:\xampp\htdocs\c4\app\Controllers\Pages.php(99): view('list', Array)
#5 C:\xampp\htdocs\c4\system\CodeIgniter.php(825): App\Controllers\Pages->data()
#6 C:\xampp\htdocs\c4\system\CodeIgniter.php(412): CodeIgniter\CodeIgniter->runController(Object(App\Controllers\Pages))
#7 C:\xampp\htdocs\c4\system\CodeIgniter.php(320): CodeIgniter\CodeIgniter->handleRequest(NULL, Object(Config\Cache), false)
#8 C:\xampp\htdocs\c4\index.php(37): CodeIgniter\CodeIgniter->run()
#9 {main}
CRITICAL - 2022-02-11 02:04:25 --> Undefined variable $newName
#0 C:\xampp\htdocs\c4\app\Views\list.php(33): CodeIgniter\Debug\Exceptions->errorHandler(2, 'Undefined varia...', 'C:\\xampp\\htdocs...', 33)
#1 C:\xampp\htdocs\c4\system\View\View.php(210): include('C:\\xampp\\htdocs...')
#2 C:\xampp\htdocs\c4\system\View\View.php(213): CodeIgniter\View\View->CodeIgniter\View\{closure}()
#3 C:\xampp\htdocs\c4\system\Common.php(1089): CodeIgniter\View\View->render('list', Array, true)
#4 C:\xampp\htdocs\c4\app\Controllers\Pages.php(99): view('list', Array)
#5 C:\xampp\htdocs\c4\system\CodeIgniter.php(825): App\Controllers\Pages->data()
#6 C:\xampp\htdocs\c4\system\CodeIgniter.php(412): CodeIgniter\CodeIgniter->runController(Object(App\Controllers\Pages))
#7 C:\xampp\htdocs\c4\system\CodeIgniter.php(320): CodeIgniter\CodeIgniter->handleRequest(NULL, Object(Config\Cache), false)
#8 C:\xampp\htdocs\c4\index.php(37): CodeIgniter\CodeIgniter->run()
#9 {main}
CRITICAL - 2022-02-11 02:04:26 --> Undefined variable $newName
#0 C:\xampp\htdocs\c4\app\Views\list.php(33): CodeIgniter\Debug\Exceptions->errorHandler(2, 'Undefined varia...', 'C:\\xampp\\htdocs...', 33)
#1 C:\xampp\htdocs\c4\system\View\View.php(210): include('C:\\xampp\\htdocs...')
#2 C:\xampp\htdocs\c4\system\View\View.php(213): CodeIgniter\View\View->CodeIgniter\View\{closure}()
#3 C:\xampp\htdocs\c4\system\Common.php(1089): CodeIgniter\View\View->render('list', Array, true)
#4 C:\xampp\htdocs\c4\app\Controllers\Pages.php(99): view('list', Array)
#5 C:\xampp\htdocs\c4\system\CodeIgniter.php(825): App\Controllers\Pages->data()
#6 C:\xampp\htdocs\c4\system\CodeIgniter.php(412): CodeIgniter\CodeIgniter->runController(Object(App\Controllers\Pages))
#7 C:\xampp\htdocs\c4\system\CodeIgniter.php(320): CodeIgniter\CodeIgniter->handleRequest(NULL, Object(Config\Cache), false)
#8 C:\xampp\htdocs\c4\index.php(37): CodeIgniter\CodeIgniter->run()
#9 {main}
CRITICAL - 2022-02-11 02:04:38 --> Undefined array key "./upload"
#0 C:\xampp\htdocs\c4\app\Views\list.php(33): CodeIgniter\Debug\Exceptions->errorHandler(2, 'Undefined array...', 'C:\\xampp\\htdocs...', 33)
#1 C:\xampp\htdocs\c4\system\View\View.php(210): include('C:\\xampp\\htdocs...')
#2 C:\xampp\htdocs\c4\system\View\View.php(213): CodeIgniter\View\View->CodeIgniter\View\{closure}()
#3 C:\xampp\htdocs\c4\system\Common.php(1089): CodeIgniter\View\View->render('list', Array, true)
#4 C:\xampp\htdocs\c4\app\Controllers\Pages.php(99): view('list', Array)
#5 C:\xampp\htdocs\c4\system\CodeIgniter.php(825): App\Controllers\Pages->data()
#6 C:\xampp\htdocs\c4\system\CodeIgniter.php(412): CodeIgniter\CodeIgniter->runController(Object(App\Controllers\Pages))
#7 C:\xampp\htdocs\c4\system\CodeIgniter.php(320): CodeIgniter\CodeIgniter->handleRequest(NULL, Object(Config\Cache), false)
#8 C:\xampp\htdocs\c4\index.php(37): CodeIgniter\CodeIgniter->run()
#9 {main}
CRITICAL - 2022-02-11 02:04:38 --> Undefined array key "./upload"
#0 C:\xampp\htdocs\c4\app\Views\list.php(33): CodeIgniter\Debug\Exceptions->errorHandler(2, 'Undefined array...', 'C:\\xampp\\htdocs...', 33)
#1 C:\xampp\htdocs\c4\system\View\View.php(210): include('C:\\xampp\\htdocs...')
#2 C:\xampp\htdocs\c4\system\View\View.php(213): CodeIgniter\View\View->CodeIgniter\View\{closure}()
#3 C:\xampp\htdocs\c4\system\Common.php(1089): CodeIgniter\View\View->render('list', Array, true)
#4 C:\xampp\htdocs\c4\app\Controllers\Pages.php(99): view('list', Array)
#5 C:\xampp\htdocs\c4\system\CodeIgniter.php(825): App\Controllers\Pages->data()
#6 C:\xampp\htdocs\c4\system\CodeIgniter.php(412): CodeIgniter\CodeIgniter->runController(Object(App\Controllers\Pages))
#7 C:\xampp\htdocs\c4\system\CodeIgniter.php(320): CodeIgniter\CodeIgniter->handleRequest(NULL, Object(Config\Cache), false)
#8 C:\xampp\htdocs\c4\index.php(37): CodeIgniter\CodeIgniter->run()
#9 {main}
CRITICAL - 2022-02-11 02:04:39 --> Undefined array key "./upload"
#0 C:\xampp\htdocs\c4\app\Views\list.php(33): CodeIgniter\Debug\Exceptions->errorHandler(2, 'Undefined array...', 'C:\\xampp\\htdocs...', 33)
#1 C:\xampp\htdocs\c4\system\View\View.php(210): include('C:\\xampp\\htdocs...')
#2 C:\xampp\htdocs\c4\system\View\View.php(213): CodeIgniter\View\View->CodeIgniter\View\{closure}()
#3 C:\xampp\htdocs\c4\system\Common.php(1089): CodeIgniter\View\View->render('list', Array, true)
#4 C:\xampp\htdocs\c4\app\Controllers\Pages.php(99): view('list', Array)
#5 C:\xampp\htdocs\c4\system\CodeIgniter.php(825): App\Controllers\Pages->data()
#6 C:\xampp\htdocs\c4\system\CodeIgniter.php(412): CodeIgniter\CodeIgniter->runController(Object(App\Controllers\Pages))
#7 C:\xampp\htdocs\c4\system\CodeIgniter.php(320): CodeIgniter\CodeIgniter->handleRequest(NULL, Object(Config\Cache), false)
#8 C:\xampp\htdocs\c4\index.php(37): CodeIgniter\CodeIgniter->run()
#9 {main}
CRITICAL - 2022-02-11 02:04:39 --> Undefined array key "./upload"
#0 C:\xampp\htdocs\c4\app\Views\list.php(33): CodeIgniter\Debug\Exceptions->errorHandler(2, 'Undefined array...', 'C:\\xampp\\htdocs...', 33)
#1 C:\xampp\htdocs\c4\system\View\View.php(210): include('C:\\xampp\\htdocs...')
#2 C:\xampp\htdocs\c4\system\View\View.php(213): CodeIgniter\View\View->CodeIgniter\View\{closure}()
#3 C:\xampp\htdocs\c4\system\Common.php(1089): CodeIgniter\View\View->render('list', Array, true)
#4 C:\xampp\htdocs\c4\app\Controllers\Pages.php(99): view('list', Array)
#5 C:\xampp\htdocs\c4\system\CodeIgniter.php(825): App\Controllers\Pages->data()
#6 C:\xampp\htdocs\c4\system\CodeIgniter.php(412): CodeIgniter\CodeIgniter->runController(Object(App\Controllers\Pages))
#7 C:\xampp\htdocs\c4\system\CodeIgniter.php(320): CodeIgniter\CodeIgniter->handleRequest(NULL, Object(Config\Cache), false)
#8 C:\xampp\htdocs\c4\index.php(37): CodeIgniter\CodeIgniter->run()
#9 {main}
CRITICAL - 2022-02-11 02:04:46 --> Undefined array key ""
#0 C:\xampp\htdocs\c4\app\Views\list.php(33): CodeIgniter\Debug\Exceptions->errorHandler(2, 'Undefined array...', 'C:\\xampp\\htdocs...', 33)
#1 C:\xampp\htdocs\c4\system\View\View.php(210): include('C:\\xampp\\htdocs...')
#2 C:\xampp\htdocs\c4\system\View\View.php(213): CodeIgniter\View\View->CodeIgniter\View\{closure}()
#3 C:\xampp\htdocs\c4\system\Common.php(1089): CodeIgniter\View\View->render('list', Array, true)
#4 C:\xampp\htdocs\c4\app\Controllers\Pages.php(99): view('list', Array)
#5 C:\xampp\htdocs\c4\system\CodeIgniter.php(825): App\Controllers\Pages->data()
#6 C:\xampp\htdocs\c4\system\CodeIgniter.php(412): CodeIgniter\CodeIgniter->runController(Object(App\Controllers\Pages))
#7 C:\xampp\htdocs\c4\system\CodeIgniter.php(320): CodeIgniter\CodeIgniter->handleRequest(NULL, Object(Config\Cache), false)
#8 C:\xampp\htdocs\c4\index.php(37): CodeIgniter\CodeIgniter->run()
#9 {main}
CRITICAL - 2022-02-11 02:24:29 --> Could not move file phpECFB.tmp to ./upload/ ()
#0 C:\xampp\htdocs\c4\system\HTTP\Files\UploadedFile.php(149): CodeIgniter\HTTP\Exceptions\HTTPException::forMoveFailed('phpECFB.tmp', './upload/', '')
#1 C:\xampp\htdocs\c4\app\Controllers\Pages.php(64): CodeIgniter\HTTP\Files\UploadedFile->move('./upload/', 'C:\\xampp\\tmp\\ph...')
#2 C:\xampp\htdocs\c4\system\CodeIgniter.php(825): App\Controllers\Pages->insert()
#3 C:\xampp\htdocs\c4\system\CodeIgniter.php(412): CodeIgniter\CodeIgniter->runController(Object(App\Controllers\Pages))
#4 C:\xampp\htdocs\c4\system\CodeIgniter.php(320): CodeIgniter\CodeIgniter->handleRequest(NULL, Object(Config\Cache), false)
#5 C:\xampp\htdocs\c4\index.php(37): CodeIgniter\CodeIgniter->run()
#6 {main}
CRITICAL - 2022-02-11 02:27:57 --> Could not move file php1C5B.tmp to ./upload/ ()
#0 C:\xampp\htdocs\c4\system\HTTP\Files\UploadedFile.php(149): CodeIgniter\HTTP\Exceptions\HTTPException::forMoveFailed('php1C5B.tmp', './upload/', '')
#1 C:\xampp\htdocs\c4\app\Controllers\Pages.php(64): CodeIgniter\HTTP\Files\UploadedFile->move('./upload/', 'C:\\xampp\\tmp\\ph...')
#2 C:\xampp\htdocs\c4\system\CodeIgniter.php(825): App\Controllers\Pages->insert()
#3 C:\xampp\htdocs\c4\system\CodeIgniter.php(412): CodeIgniter\CodeIgniter->runController(Object(App\Controllers\Pages))
#4 C:\xampp\htdocs\c4\system\CodeIgniter.php(320): CodeIgniter\CodeIgniter->handleRequest(NULL, Object(Config\Cache), false)
#5 C:\xampp\htdocs\c4\index.php(37): CodeIgniter\CodeIgniter->run()
#6 {main}
