CRITICAL - 2022-02-03 22:26:33 --> Undefined array key "id"
#0 C:\xampp\htdocs\c4\app\Views\list.php(30): CodeIgniter\Debug\Exceptions->errorHandler(2, 'Undefined array...', 'C:\\xampp\\htdocs...', 30)
#1 C:\xampp\htdocs\c4\system\View\View.php(210): include('C:\\xampp\\htdocs...')
#2 C:\xampp\htdocs\c4\system\View\View.php(213): CodeIgniter\View\View->CodeIgniter\View\{closure}()
#3 C:\xampp\htdocs\c4\system\Common.php(1089): CodeIgniter\View\View->render('list', Array, true)
#4 C:\xampp\htdocs\c4\app\Controllers\Pages.php(52): view('list', Array)
#5 C:\xampp\htdocs\c4\system\CodeIgniter.php(825): App\Controllers\Pages->data()
#6 C:\xampp\htdocs\c4\system\CodeIgniter.php(412): CodeIgniter\CodeIgniter->runController(Object(App\Controllers\Pages))
#7 C:\xampp\htdocs\c4\system\CodeIgniter.php(320): CodeIgniter\CodeIgniter->handleRequest(NULL, Object(Config\Cache), false)
#8 C:\xampp\htdocs\c4\index.php(37): CodeIgniter\CodeIgniter->run()
#9 {main}
CRITICAL - 2022-02-03 22:26:35 --> Undefined array key "id"
#0 C:\xampp\htdocs\c4\app\Views\list.php(30): CodeIgniter\Debug\Exceptions->errorHandler(2, 'Undefined array...', 'C:\\xampp\\htdocs...', 30)
#1 C:\xampp\htdocs\c4\system\View\View.php(210): include('C:\\xampp\\htdocs...')
#2 C:\xampp\htdocs\c4\system\View\View.php(213): CodeIgniter\View\View->CodeIgniter\View\{closure}()
#3 C:\xampp\htdocs\c4\system\Common.php(1089): CodeIgniter\View\View->render('list', Array, true)
#4 C:\xampp\htdocs\c4\app\Controllers\Pages.php(52): view('list', Array)
#5 C:\xampp\htdocs\c4\system\CodeIgniter.php(825): App\Controllers\Pages->data()
#6 C:\xampp\htdocs\c4\system\CodeIgniter.php(412): CodeIgniter\CodeIgniter->runController(Object(App\Controllers\Pages))
#7 C:\xampp\htdocs\c4\system\CodeIgniter.php(320): CodeIgniter\CodeIgniter->handleRequest(NULL, Object(Config\Cache), false)
#8 C:\xampp\htdocs\c4\index.php(37): CodeIgniter\CodeIgniter->run()
#9 {main}
CRITICAL - 2022-02-03 22:26:48 --> Undefined array key "id"
#0 C:\xampp\htdocs\c4\app\Views\list.php(30): CodeIgniter\Debug\Exceptions->errorHandler(2, 'Undefined array...', 'C:\\xampp\\htdocs...', 30)
#1 C:\xampp\htdocs\c4\system\View\View.php(210): include('C:\\xampp\\htdocs...')
#2 C:\xampp\htdocs\c4\system\View\View.php(213): CodeIgniter\View\View->CodeIgniter\View\{closure}()
#3 C:\xampp\htdocs\c4\system\Common.php(1089): CodeIgniter\View\View->render('list', Array, true)
#4 C:\xampp\htdocs\c4\app\Controllers\Pages.php(52): view('list', Array)
#5 C:\xampp\htdocs\c4\system\CodeIgniter.php(825): App\Controllers\Pages->data()
#6 C:\xampp\htdocs\c4\system\CodeIgniter.php(412): CodeIgniter\CodeIgniter->runController(Object(App\Controllers\Pages))
#7 C:\xampp\htdocs\c4\system\CodeIgniter.php(320): CodeIgniter\CodeIgniter->handleRequest(NULL, Object(Config\Cache), false)
#8 C:\xampp\htdocs\c4\index.php(37): CodeIgniter\CodeIgniter->run()
#9 {main}
CRITICAL - 2022-02-03 22:28:59 --> Undefined array key "id"
#0 C:\xampp\htdocs\c4\app\Views\list.php(30): CodeIgniter\Debug\Exceptions->errorHandler(2, 'Undefined array...', 'C:\\xampp\\htdocs...', 30)
#1 C:\xampp\htdocs\c4\system\View\View.php(210): include('C:\\xampp\\htdocs...')
#2 C:\xampp\htdocs\c4\system\View\View.php(213): CodeIgniter\View\View->CodeIgniter\View\{closure}()
#3 C:\xampp\htdocs\c4\system\Common.php(1089): CodeIgniter\View\View->render('list', Array, true)
#4 C:\xampp\htdocs\c4\app\Controllers\Pages.php(52): view('list', Array)
#5 C:\xampp\htdocs\c4\system\CodeIgniter.php(825): App\Controllers\Pages->data()
#6 C:\xampp\htdocs\c4\system\CodeIgniter.php(412): CodeIgniter\CodeIgniter->runController(Object(App\Controllers\Pages))
#7 C:\xampp\htdocs\c4\system\CodeIgniter.php(320): CodeIgniter\CodeIgniter->handleRequest(NULL, Object(Config\Cache), false)
#8 C:\xampp\htdocs\c4\index.php(37): CodeIgniter\CodeIgniter->run()
#9 {main}
CRITICAL - 2022-02-03 22:29:01 --> Undefined array key "id"
#0 C:\xampp\htdocs\c4\app\Views\list.php(30): CodeIgniter\Debug\Exceptions->errorHandler(2, 'Undefined array...', 'C:\\xampp\\htdocs...', 30)
#1 C:\xampp\htdocs\c4\system\View\View.php(210): include('C:\\xampp\\htdocs...')
#2 C:\xampp\htdocs\c4\system\View\View.php(213): CodeIgniter\View\View->CodeIgniter\View\{closure}()
#3 C:\xampp\htdocs\c4\system\Common.php(1089): CodeIgniter\View\View->render('list', Array, true)
#4 C:\xampp\htdocs\c4\app\Controllers\Pages.php(52): view('list', Array)
#5 C:\xampp\htdocs\c4\system\CodeIgniter.php(825): App\Controllers\Pages->data()
#6 C:\xampp\htdocs\c4\system\CodeIgniter.php(412): CodeIgniter\CodeIgniter->runController(Object(App\Controllers\Pages))
#7 C:\xampp\htdocs\c4\system\CodeIgniter.php(320): CodeIgniter\CodeIgniter->handleRequest(NULL, Object(Config\Cache), false)
#8 C:\xampp\htdocs\c4\index.php(37): CodeIgniter\CodeIgniter->run()
#9 {main}
CRITICAL - 2022-02-03 22:29:01 --> Undefined array key "id"
#0 C:\xampp\htdocs\c4\app\Views\list.php(30): CodeIgniter\Debug\Exceptions->errorHandler(2, 'Undefined array...', 'C:\\xampp\\htdocs...', 30)
#1 C:\xampp\htdocs\c4\system\View\View.php(210): include('C:\\xampp\\htdocs...')
#2 C:\xampp\htdocs\c4\system\View\View.php(213): CodeIgniter\View\View->CodeIgniter\View\{closure}()
#3 C:\xampp\htdocs\c4\system\Common.php(1089): CodeIgniter\View\View->render('list', Array, true)
#4 C:\xampp\htdocs\c4\app\Controllers\Pages.php(52): view('list', Array)
#5 C:\xampp\htdocs\c4\system\CodeIgniter.php(825): App\Controllers\Pages->data()
#6 C:\xampp\htdocs\c4\system\CodeIgniter.php(412): CodeIgniter\CodeIgniter->runController(Object(App\Controllers\Pages))
#7 C:\xampp\htdocs\c4\system\CodeIgniter.php(320): CodeIgniter\CodeIgniter->handleRequest(NULL, Object(Config\Cache), false)
#8 C:\xampp\htdocs\c4\index.php(37): CodeIgniter\CodeIgniter->run()
#9 {main}
CRITICAL - 2022-02-03 22:29:04 --> Undefined array key "id"
#0 C:\xampp\htdocs\c4\app\Views\list.php(30): CodeIgniter\Debug\Exceptions->errorHandler(2, 'Undefined array...', 'C:\\xampp\\htdocs...', 30)
#1 C:\xampp\htdocs\c4\system\View\View.php(210): include('C:\\xampp\\htdocs...')
#2 C:\xampp\htdocs\c4\system\View\View.php(213): CodeIgniter\View\View->CodeIgniter\View\{closure}()
#3 C:\xampp\htdocs\c4\system\Common.php(1089): CodeIgniter\View\View->render('list', Array, true)
#4 C:\xampp\htdocs\c4\app\Controllers\Pages.php(52): view('list', Array)
#5 C:\xampp\htdocs\c4\system\CodeIgniter.php(825): App\Controllers\Pages->data()
#6 C:\xampp\htdocs\c4\system\CodeIgniter.php(412): CodeIgniter\CodeIgniter->runController(Object(App\Controllers\Pages))
#7 C:\xampp\htdocs\c4\system\CodeIgniter.php(320): CodeIgniter\CodeIgniter->handleRequest(NULL, Object(Config\Cache), false)
#8 C:\xampp\htdocs\c4\index.php(37): CodeIgniter\CodeIgniter->run()
#9 {main}
CRITICAL - 2022-02-03 22:29:20 --> Too few arguments to function App\Controllers\Pages::edit(), 0 passed in C:\xampp\htdocs\c4\system\CodeIgniter.php on line 825 and exactly 1 expected
#0 C:\xampp\htdocs\c4\system\CodeIgniter.php(825): App\Controllers\Pages->edit()
#1 C:\xampp\htdocs\c4\system\CodeIgniter.php(412): CodeIgniter\CodeIgniter->runController(Object(App\Controllers\Pages))
#2 C:\xampp\htdocs\c4\system\CodeIgniter.php(320): CodeIgniter\CodeIgniter->handleRequest(NULL, Object(Config\Cache), false)
#3 C:\xampp\htdocs\c4\index.php(37): CodeIgniter\CodeIgniter->run()
#4 {main}
CRITICAL - 2022-02-03 22:30:00 --> Undefined array key "id"
#0 C:\xampp\htdocs\c4\app\Views\list.php(30): CodeIgniter\Debug\Exceptions->errorHandler(2, 'Undefined array...', 'C:\\xampp\\htdocs...', 30)
#1 C:\xampp\htdocs\c4\system\View\View.php(210): include('C:\\xampp\\htdocs...')
#2 C:\xampp\htdocs\c4\system\View\View.php(213): CodeIgniter\View\View->CodeIgniter\View\{closure}()
#3 C:\xampp\htdocs\c4\system\Common.php(1089): CodeIgniter\View\View->render('list', Array, true)
#4 C:\xampp\htdocs\c4\app\Controllers\Pages.php(52): view('list', Array)
#5 C:\xampp\htdocs\c4\system\CodeIgniter.php(825): App\Controllers\Pages->data()
#6 C:\xampp\htdocs\c4\system\CodeIgniter.php(412): CodeIgniter\CodeIgniter->runController(Object(App\Controllers\Pages))
#7 C:\xampp\htdocs\c4\system\CodeIgniter.php(320): CodeIgniter\CodeIgniter->handleRequest(NULL, Object(Config\Cache), false)
#8 C:\xampp\htdocs\c4\index.php(37): CodeIgniter\CodeIgniter->run()
#9 {main}
CRITICAL - 2022-02-03 22:30:15 --> Undefined array key "id"
#0 C:\xampp\htdocs\c4\app\Views\list.php(30): CodeIgniter\Debug\Exceptions->errorHandler(2, 'Undefined array...', 'C:\\xampp\\htdocs...', 30)
#1 C:\xampp\htdocs\c4\system\View\View.php(210): include('C:\\xampp\\htdocs...')
#2 C:\xampp\htdocs\c4\system\View\View.php(213): CodeIgniter\View\View->CodeIgniter\View\{closure}()
#3 C:\xampp\htdocs\c4\system\Common.php(1089): CodeIgniter\View\View->render('list', Array, true)
#4 C:\xampp\htdocs\c4\app\Controllers\Pages.php(52): view('list', Array)
#5 C:\xampp\htdocs\c4\system\CodeIgniter.php(825): App\Controllers\Pages->data()
#6 C:\xampp\htdocs\c4\system\CodeIgniter.php(412): CodeIgniter\CodeIgniter->runController(Object(App\Controllers\Pages))
#7 C:\xampp\htdocs\c4\system\CodeIgniter.php(320): CodeIgniter\CodeIgniter->handleRequest(NULL, Object(Config\Cache), false)
#8 C:\xampp\htdocs\c4\index.php(37): CodeIgniter\CodeIgniter->run()
#9 {main}
CRITICAL - 2022-02-03 22:30:16 --> Undefined array key "id"
#0 C:\xampp\htdocs\c4\app\Views\list.php(30): CodeIgniter\Debug\Exceptions->errorHandler(2, 'Undefined array...', 'C:\\xampp\\htdocs...', 30)
#1 C:\xampp\htdocs\c4\system\View\View.php(210): include('C:\\xampp\\htdocs...')
#2 C:\xampp\htdocs\c4\system\View\View.php(213): CodeIgniter\View\View->CodeIgniter\View\{closure}()
#3 C:\xampp\htdocs\c4\system\Common.php(1089): CodeIgniter\View\View->render('list', Array, true)
#4 C:\xampp\htdocs\c4\app\Controllers\Pages.php(52): view('list', Array)
#5 C:\xampp\htdocs\c4\system\CodeIgniter.php(825): App\Controllers\Pages->data()
#6 C:\xampp\htdocs\c4\system\CodeIgniter.php(412): CodeIgniter\CodeIgniter->runController(Object(App\Controllers\Pages))
#7 C:\xampp\htdocs\c4\system\CodeIgniter.php(320): CodeIgniter\CodeIgniter->handleRequest(NULL, Object(Config\Cache), false)
#8 C:\xampp\htdocs\c4\index.php(37): CodeIgniter\CodeIgniter->run()
#9 {main}
CRITICAL - 2022-02-03 22:30:16 --> Undefined array key "id"
#0 C:\xampp\htdocs\c4\app\Views\list.php(30): CodeIgniter\Debug\Exceptions->errorHandler(2, 'Undefined array...', 'C:\\xampp\\htdocs...', 30)
#1 C:\xampp\htdocs\c4\system\View\View.php(210): include('C:\\xampp\\htdocs...')
#2 C:\xampp\htdocs\c4\system\View\View.php(213): CodeIgniter\View\View->CodeIgniter\View\{closure}()
#3 C:\xampp\htdocs\c4\system\Common.php(1089): CodeIgniter\View\View->render('list', Array, true)
#4 C:\xampp\htdocs\c4\app\Controllers\Pages.php(52): view('list', Array)
#5 C:\xampp\htdocs\c4\system\CodeIgniter.php(825): App\Controllers\Pages->data()
#6 C:\xampp\htdocs\c4\system\CodeIgniter.php(412): CodeIgniter\CodeIgniter->runController(Object(App\Controllers\Pages))
#7 C:\xampp\htdocs\c4\system\CodeIgniter.php(320): CodeIgniter\CodeIgniter->handleRequest(NULL, Object(Config\Cache), false)
#8 C:\xampp\htdocs\c4\index.php(37): CodeIgniter\CodeIgniter->run()
#9 {main}
CRITICAL - 2022-02-03 22:30:16 --> Undefined array key "id"
#0 C:\xampp\htdocs\c4\app\Views\list.php(30): CodeIgniter\Debug\Exceptions->errorHandler(2, 'Undefined array...', 'C:\\xampp\\htdocs...', 30)
#1 C:\xampp\htdocs\c4\system\View\View.php(210): include('C:\\xampp\\htdocs...')
#2 C:\xampp\htdocs\c4\system\View\View.php(213): CodeIgniter\View\View->CodeIgniter\View\{closure}()
#3 C:\xampp\htdocs\c4\system\Common.php(1089): CodeIgniter\View\View->render('list', Array, true)
#4 C:\xampp\htdocs\c4\app\Controllers\Pages.php(52): view('list', Array)
#5 C:\xampp\htdocs\c4\system\CodeIgniter.php(825): App\Controllers\Pages->data()
#6 C:\xampp\htdocs\c4\system\CodeIgniter.php(412): CodeIgniter\CodeIgniter->runController(Object(App\Controllers\Pages))
#7 C:\xampp\htdocs\c4\system\CodeIgniter.php(320): CodeIgniter\CodeIgniter->handleRequest(NULL, Object(Config\Cache), false)
#8 C:\xampp\htdocs\c4\index.php(37): CodeIgniter\CodeIgniter->run()
#9 {main}
CRITICAL - 2022-02-03 22:30:17 --> Undefined array key "id"
#0 C:\xampp\htdocs\c4\app\Views\list.php(30): CodeIgniter\Debug\Exceptions->errorHandler(2, 'Undefined array...', 'C:\\xampp\\htdocs...', 30)
#1 C:\xampp\htdocs\c4\system\View\View.php(210): include('C:\\xampp\\htdocs...')
#2 C:\xampp\htdocs\c4\system\View\View.php(213): CodeIgniter\View\View->CodeIgniter\View\{closure}()
#3 C:\xampp\htdocs\c4\system\Common.php(1089): CodeIgniter\View\View->render('list', Array, true)
#4 C:\xampp\htdocs\c4\app\Controllers\Pages.php(52): view('list', Array)
#5 C:\xampp\htdocs\c4\system\CodeIgniter.php(825): App\Controllers\Pages->data()
#6 C:\xampp\htdocs\c4\system\CodeIgniter.php(412): CodeIgniter\CodeIgniter->runController(Object(App\Controllers\Pages))
#7 C:\xampp\htdocs\c4\system\CodeIgniter.php(320): CodeIgniter\CodeIgniter->handleRequest(NULL, Object(Config\Cache), false)
#8 C:\xampp\htdocs\c4\index.php(37): CodeIgniter\CodeIgniter->run()
#9 {main}
CRITICAL - 2022-02-03 22:31:44 --> Undefined array key "id"
#0 C:\xampp\htdocs\c4\app\Views\list.php(30): CodeIgniter\Debug\Exceptions->errorHandler(2, 'Undefined array...', 'C:\\xampp\\htdocs...', 30)
#1 C:\xampp\htdocs\c4\system\View\View.php(210): include('C:\\xampp\\htdocs...')
#2 C:\xampp\htdocs\c4\system\View\View.php(213): CodeIgniter\View\View->CodeIgniter\View\{closure}()
#3 C:\xampp\htdocs\c4\system\Common.php(1089): CodeIgniter\View\View->render('list', Array, true)
#4 C:\xampp\htdocs\c4\app\Controllers\Pages.php(52): view('list', Array)
#5 C:\xampp\htdocs\c4\system\CodeIgniter.php(825): App\Controllers\Pages->data()
#6 C:\xampp\htdocs\c4\system\CodeIgniter.php(412): CodeIgniter\CodeIgniter->runController(Object(App\Controllers\Pages))
#7 C:\xampp\htdocs\c4\system\CodeIgniter.php(320): CodeIgniter\CodeIgniter->handleRequest(NULL, Object(Config\Cache), false)
#8 C:\xampp\htdocs\c4\index.php(37): CodeIgniter\CodeIgniter->run()
#9 {main}
CRITICAL - 2022-02-03 22:31:48 --> Undefined array key "id"
#0 C:\xampp\htdocs\c4\app\Views\list.php(30): CodeIgniter\Debug\Exceptions->errorHandler(2, 'Undefined array...', 'C:\\xampp\\htdocs...', 30)
#1 C:\xampp\htdocs\c4\system\View\View.php(210): include('C:\\xampp\\htdocs...')
#2 C:\xampp\htdocs\c4\system\View\View.php(213): CodeIgniter\View\View->CodeIgniter\View\{closure}()
#3 C:\xampp\htdocs\c4\system\Common.php(1089): CodeIgniter\View\View->render('list', Array, true)
#4 C:\xampp\htdocs\c4\app\Controllers\Pages.php(52): view('list', Array)
#5 C:\xampp\htdocs\c4\system\CodeIgniter.php(825): App\Controllers\Pages->data()
#6 C:\xampp\htdocs\c4\system\CodeIgniter.php(412): CodeIgniter\CodeIgniter->runController(Object(App\Controllers\Pages))
#7 C:\xampp\htdocs\c4\system\CodeIgniter.php(320): CodeIgniter\CodeIgniter->handleRequest(NULL, Object(Config\Cache), false)
#8 C:\xampp\htdocs\c4\index.php(37): CodeIgniter\CodeIgniter->run()
#9 {main}
CRITICAL - 2022-02-03 22:34:19 --> Undefined array key "id"
#0 C:\xampp\htdocs\c4\app\Views\list.php(30): CodeIgniter\Debug\Exceptions->errorHandler(2, 'Undefined array...', 'C:\\xampp\\htdocs...', 30)
#1 C:\xampp\htdocs\c4\system\View\View.php(210): include('C:\\xampp\\htdocs...')
#2 C:\xampp\htdocs\c4\system\View\View.php(213): CodeIgniter\View\View->CodeIgniter\View\{closure}()
#3 C:\xampp\htdocs\c4\system\Common.php(1089): CodeIgniter\View\View->render('list', Array, true)
#4 C:\xampp\htdocs\c4\app\Controllers\Pages.php(52): view('list', Array)
#5 C:\xampp\htdocs\c4\system\CodeIgniter.php(825): App\Controllers\Pages->data()
#6 C:\xampp\htdocs\c4\system\CodeIgniter.php(412): CodeIgniter\CodeIgniter->runController(Object(App\Controllers\Pages))
#7 C:\xampp\htdocs\c4\system\CodeIgniter.php(320): CodeIgniter\CodeIgniter->handleRequest(NULL, Object(Config\Cache), false)
#8 C:\xampp\htdocs\c4\index.php(37): CodeIgniter\CodeIgniter->run()
#9 {main}
CRITICAL - 2022-02-03 23:04:13 --> Trying to access array offset on value of type null
#0 C:\xampp\htdocs\c4\app\Views\Pages\edit.php(25): CodeIgniter\Debug\Exceptions->errorHandler(2, 'Trying to acces...', 'C:\\xampp\\htdocs...', 25)
#1 C:\xampp\htdocs\c4\system\View\View.php(210): include('C:\\xampp\\htdocs...')
#2 C:\xampp\htdocs\c4\system\View\View.php(213): CodeIgniter\View\View->CodeIgniter\View\{closure}()
#3 C:\xampp\htdocs\c4\system\Common.php(1089): CodeIgniter\View\View->render('Pages/edit', Array, true)
#4 C:\xampp\htdocs\c4\app\Controllers\Pages.php(64): view('Pages/edit', Array)
#5 C:\xampp\htdocs\c4\system\CodeIgniter.php(825): App\Controllers\Pages->edit('Pages', 'update')
#6 C:\xampp\htdocs\c4\system\CodeIgniter.php(412): CodeIgniter\CodeIgniter->runController(Object(App\Controllers\Pages))
#7 C:\xampp\htdocs\c4\system\CodeIgniter.php(320): CodeIgniter\CodeIgniter->handleRequest(NULL, Object(Config\Cache), false)
#8 C:\xampp\htdocs\c4\index.php(37): CodeIgniter\CodeIgniter->run()
#9 {main}
CRITICAL - 2022-02-03 23:04:49 --> Trying to access array offset on value of type null
#0 C:\xampp\htdocs\c4\app\Views\Pages\edit.php(25): CodeIgniter\Debug\Exceptions->errorHandler(2, 'Trying to acces...', 'C:\\xampp\\htdocs...', 25)
#1 C:\xampp\htdocs\c4\system\View\View.php(210): include('C:\\xampp\\htdocs...')
#2 C:\xampp\htdocs\c4\system\View\View.php(213): CodeIgniter\View\View->CodeIgniter\View\{closure}()
#3 C:\xampp\htdocs\c4\system\Common.php(1089): CodeIgniter\View\View->render('Pages/edit', Array, true)
#4 C:\xampp\htdocs\c4\app\Controllers\Pages.php(64): view('Pages/edit', Array)
#5 C:\xampp\htdocs\c4\system\CodeIgniter.php(825): App\Controllers\Pages->edit('Pages', 'update')
#6 C:\xampp\htdocs\c4\system\CodeIgniter.php(412): CodeIgniter\CodeIgniter->runController(Object(App\Controllers\Pages))
#7 C:\xampp\htdocs\c4\system\CodeIgniter.php(320): CodeIgniter\CodeIgniter->handleRequest(NULL, Object(Config\Cache), false)
#8 C:\xampp\htdocs\c4\index.php(37): CodeIgniter\CodeIgniter->run()
#9 {main}
CRITICAL - 2022-02-03 23:05:36 --> Trying to access array offset on value of type null
#0 C:\xampp\htdocs\c4\app\Views\Pages\edit.php(25): CodeIgniter\Debug\Exceptions->errorHandler(2, 'Trying to acces...', 'C:\\xampp\\htdocs...', 25)
#1 C:\xampp\htdocs\c4\system\View\View.php(210): include('C:\\xampp\\htdocs...')
#2 C:\xampp\htdocs\c4\system\View\View.php(213): CodeIgniter\View\View->CodeIgniter\View\{closure}()
#3 C:\xampp\htdocs\c4\system\Common.php(1089): CodeIgniter\View\View->render('Pages/edit', Array, true)
#4 C:\xampp\htdocs\c4\app\Controllers\Pages.php(64): view('Pages/edit', Array)
#5 C:\xampp\htdocs\c4\system\CodeIgniter.php(825): App\Controllers\Pages->edit('Pages', 'update')
#6 C:\xampp\htdocs\c4\system\CodeIgniter.php(412): CodeIgniter\CodeIgniter->runController(Object(App\Controllers\Pages))
#7 C:\xampp\htdocs\c4\system\CodeIgniter.php(320): CodeIgniter\CodeIgniter->handleRequest(NULL, Object(Config\Cache), false)
#8 C:\xampp\htdocs\c4\index.php(37): CodeIgniter\CodeIgniter->run()
#9 {main}
CRITICAL - 2022-02-03 23:08:24 --> Trying to access array offset on value of type null
#0 C:\xampp\htdocs\c4\app\Views\Pages\edit.php(25): CodeIgniter\Debug\Exceptions->errorHandler(2, 'Trying to acces...', 'C:\\xampp\\htdocs...', 25)
#1 C:\xampp\htdocs\c4\system\View\View.php(210): include('C:\\xampp\\htdocs...')
#2 C:\xampp\htdocs\c4\system\View\View.php(213): CodeIgniter\View\View->CodeIgniter\View\{closure}()
#3 C:\xampp\htdocs\c4\system\Common.php(1089): CodeIgniter\View\View->render('Pages/edit', Array, true)
#4 C:\xampp\htdocs\c4\app\Controllers\Pages.php(64): view('Pages/edit', Array)
#5 C:\xampp\htdocs\c4\system\CodeIgniter.php(825): App\Controllers\Pages->edit('Pages', 'update')
#6 C:\xampp\htdocs\c4\system\CodeIgniter.php(412): CodeIgniter\CodeIgniter->runController(Object(App\Controllers\Pages))
#7 C:\xampp\htdocs\c4\system\CodeIgniter.php(320): CodeIgniter\CodeIgniter->handleRequest(NULL, Object(Config\Cache), false)
#8 C:\xampp\htdocs\c4\index.php(37): CodeIgniter\CodeIgniter->run()
#9 {main}
CRITICAL - 2022-02-03 23:12:40 --> Trying to access array offset on value of type null
#0 C:\xampp\htdocs\c4\app\Views\Pages\edit.php(25): CodeIgniter\Debug\Exceptions->errorHandler(2, 'Trying to acces...', 'C:\\xampp\\htdocs...', 25)
#1 C:\xampp\htdocs\c4\system\View\View.php(210): include('C:\\xampp\\htdocs...')
#2 C:\xampp\htdocs\c4\system\View\View.php(213): CodeIgniter\View\View->CodeIgniter\View\{closure}()
#3 C:\xampp\htdocs\c4\system\Common.php(1089): CodeIgniter\View\View->render('Pages/edit', Array, true)
#4 C:\xampp\htdocs\c4\app\Controllers\Pages.php(64): view('Pages/edit', Array)
#5 C:\xampp\htdocs\c4\system\CodeIgniter.php(825): App\Controllers\Pages->edit('Pages', 'update')
#6 C:\xampp\htdocs\c4\system\CodeIgniter.php(412): CodeIgniter\CodeIgniter->runController(Object(App\Controllers\Pages))
#7 C:\xampp\htdocs\c4\system\CodeIgniter.php(320): CodeIgniter\CodeIgniter->handleRequest(NULL, Object(Config\Cache), false)
#8 C:\xampp\htdocs\c4\index.php(37): CodeIgniter\CodeIgniter->run()
#9 {main}
CRITICAL - 2022-02-03 23:15:24 --> Array to string conversion
#0 C:\xampp\htdocs\c4\app\Views\Pages\edit.php(26): CodeIgniter\Debug\Exceptions->errorHandler(2, 'Array to string...', 'C:\\xampp\\htdocs...', 26)
#1 C:\xampp\htdocs\c4\system\View\View.php(210): include('C:\\xampp\\htdocs...')
#2 C:\xampp\htdocs\c4\system\View\View.php(213): CodeIgniter\View\View->CodeIgniter\View\{closure}()
#3 C:\xampp\htdocs\c4\system\Common.php(1089): CodeIgniter\View\View->render('Pages/edit', Array, true)
#4 C:\xampp\htdocs\c4\app\Controllers\Pages.php(64): view('Pages/edit', Array)
#5 C:\xampp\htdocs\c4\system\CodeIgniter.php(825): App\Controllers\Pages->edit('5')
#6 C:\xampp\htdocs\c4\system\CodeIgniter.php(412): CodeIgniter\CodeIgniter->runController(Object(App\Controllers\Pages))
#7 C:\xampp\htdocs\c4\system\CodeIgniter.php(320): CodeIgniter\CodeIgniter->handleRequest(NULL, Object(Config\Cache), false)
#8 C:\xampp\htdocs\c4\index.php(37): CodeIgniter\CodeIgniter->run()
#9 {main}
CRITICAL - 2022-02-03 23:15:41 --> Cannot access offset of type string on string
#0 C:\xampp\htdocs\c4\system\View\View.php(210): include()
#1 C:\xampp\htdocs\c4\system\View\View.php(213): CodeIgniter\View\View->CodeIgniter\View\{closure}()
#2 C:\xampp\htdocs\c4\system\Common.php(1089): CodeIgniter\View\View->render('Pages/edit', Array, true)
#3 C:\xampp\htdocs\c4\app\Controllers\Pages.php(64): view('Pages/edit', Array)
#4 C:\xampp\htdocs\c4\system\CodeIgniter.php(825): App\Controllers\Pages->edit('5')
#5 C:\xampp\htdocs\c4\system\CodeIgniter.php(412): CodeIgniter\CodeIgniter->runController(Object(App\Controllers\Pages))
#6 C:\xampp\htdocs\c4\system\CodeIgniter.php(320): CodeIgniter\CodeIgniter->handleRequest(NULL, Object(Config\Cache), false)
#7 C:\xampp\htdocs\c4\index.php(37): CodeIgniter\CodeIgniter->run()
#8 {main}
